  [1m[35m (189.0ms)[0m  [1m[35mCREATE DATABASE "tunr_api_development" ENCODING = 'unicode'[0m
  [1m[35m (46.6ms)[0m  [1m[35mCREATE DATABASE "tunr_api_test" ENCODING = 'unicode'[0m
  [1m[35m (13.5ms)[0m  [1m[35mCREATE TABLE "schema_migrations" ("version" character varying NOT NULL PRIMARY KEY)[0m
  [1m[35m (2.9ms)[0m  [1m[35mCREATE TABLE "ar_internal_metadata" ("key" character varying NOT NULL PRIMARY KEY, "value" character varying, "created_at" timestamp(6) NOT NULL, "updated_at" timestamp(6) NOT NULL)[0m
  [1m[35m (0.4ms)[0m  [1m[34mSELECT pg_try_advisory_lock(6513669864093001680)[0m
  [1m[35m (0.4ms)[0m  [1m[34mSELECT "schema_migrations"."version" FROM "schema_migrations" ORDER BY "schema_migrations"."version" ASC[0m
Migrating to CreateSongs (20210226031743)
  [1m[36mTRANSACTION (0.1ms)[0m  [1m[35mBEGIN[0m
  [1m[35m (8.2ms)[0m  [1m[35mCREATE TABLE "songs" ("id" bigserial primary key, "artist" character varying, "title" character varying, "time" character varying, "created_at" timestamp(6) NOT NULL, "updated_at" timestamp(6) NOT NULL)[0m
  [1m[36mActiveRecord::SchemaMigration Create (0.5ms)[0m  [1m[32mINSERT INTO "schema_migrations" ("version") VALUES ($1) RETURNING "version"[0m  [["version", "20210226031743"]]
  [1m[36mTRANSACTION (0.4ms)[0m  [1m[35mCOMMIT[0m
  [1m[36mActiveRecord::InternalMetadata Load (0.3ms)[0m  [1m[34mSELECT "ar_internal_metadata".* FROM "ar_internal_metadata" WHERE "ar_internal_metadata"."key" = $1 LIMIT $2[0m  [["key", "environment"], ["LIMIT", 1]]
  [1m[36mTRANSACTION (0.1ms)[0m  [1m[35mBEGIN[0m
  [1m[36mActiveRecord::InternalMetadata Create (2.3ms)[0m  [1m[32mINSERT INTO "ar_internal_metadata" ("key", "value", "created_at", "updated_at") VALUES ($1, $2, $3, $4) RETURNING "key"[0m  [["key", "environment"], ["value", "development"], ["created_at", "2021-02-26 03:18:01.934764"], ["updated_at", "2021-02-26 03:18:01.934764"]]
  [1m[36mTRANSACTION (0.2ms)[0m  [1m[35mCOMMIT[0m
  [1m[35m (0.2ms)[0m  [1m[34mSELECT pg_advisory_unlock(6513669864093001680)[0m
  [1m[35m (0.5ms)[0m  [1m[34mSELECT "schema_migrations"."version" FROM "schema_migrations" ORDER BY "schema_migrations"."version" ASC[0m
  [1m[35m (0.9ms)[0m  [1m[34mSELECT "schema_migrations"."version" FROM "schema_migrations" ORDER BY "schema_migrations"."version" ASC[0m
  [1m[36mTRANSACTION (0.1ms)[0m  [1m[35mBEGIN[0m
  [1m[36mSong Create (0.8ms)[0m  [1m[32mINSERT INTO "songs" ("artist", "title", "time", "created_at", "updated_at") VALUES ($1, $2, $3, $4, $5) RETURNING "id"[0m  [["artist", "The Smashing Pumpkins"], ["title", "1979"], ["time", "2:30"], ["created_at", "2021-02-26 03:25:22.910409"], ["updated_at", "2021-02-26 03:25:22.910409"]]
  [1m[36mTRANSACTION (0.3ms)[0m  [1m[35mCOMMIT[0m
  [1m[36mTRANSACTION (0.1ms)[0m  [1m[35mBEGIN[0m
  [1m[36mSong Create (0.2ms)[0m  [1m[32mINSERT INTO "songs" ("artist", "title", "time", "created_at", "updated_at") VALUES ($1, $2, $3, $4, $5) RETURNING "id"[0m  [["artist", "Frank Sinatra and Nancy Sinatra"], ["title", "Something Stupid"], ["time", "3:20"], ["created_at", "2021-02-26 03:25:22.913147"], ["updated_at", "2021-02-26 03:25:22.913147"]]
  [1m[36mTRANSACTION (0.1ms)[0m  [1m[35mCOMMIT[0m
  [1m[36mTRANSACTION (0.0ms)[0m  [1m[35mBEGIN[0m
  [1m[36mSong Create (0.1ms)[0m  [1m[32mINSERT INTO "songs" ("artist", "title", "time", "created_at", "updated_at") VALUES ($1, $2, $3, $4, $5) RETURNING "id"[0m  [["artist", "Bee Gees"], ["title", "To Love Somebody"], ["time", "2:49"], ["created_at", "2021-02-26 03:25:22.914582"], ["updated_at", "2021-02-26 03:25:22.914582"]]
  [1m[36mTRANSACTION (0.1ms)[0m  [1m[35mCOMMIT[0m
  [1m[36mSong Load (0.4ms)[0m  [1m[34mSELECT "songs".* FROM "songs" WHERE "songs"."id" = $1 LIMIT $2[0m  [["id", 1], ["LIMIT", 1]]
Started GET "/" for ::1 at 2021-02-25 21:27:22 -0600
  [1m[35m (0.4ms)[0m  [1m[34mSELECT "schema_migrations"."version" FROM "schema_migrations" ORDER BY "schema_migrations"."version" ASC[0m
Processing by Rails::WelcomeController#index as HTML
  Rendering /Users/adrian/.rbenv/versions/3.0.0/lib/ruby/gems/3.0.0/gems/railties-6.1.3/lib/rails/templates/rails/welcome/index.html.erb
  Rendered /Users/adrian/.rbenv/versions/3.0.0/lib/ruby/gems/3.0.0/gems/railties-6.1.3/lib/rails/templates/rails/welcome/index.html.erb (Duration: 4.9ms | Allocations: 468)
Completed 200 OK in 19ms (Views: 12.9ms | ActiveRecord: 0.0ms | Allocations: 3962)


Started GET "/songs" for ::1 at 2021-02-25 21:27:28 -0600
Processing by SongsController#index as HTML
  [1m[36mSong Load (0.7ms)[0m  [1m[34mSELECT "songs".* FROM "songs"[0m
  ↳ app/controllers/songs_controller.rb:8:in `index'
Completed 200 OK in 16ms (Views: 8.0ms | ActiveRecord: 4.9ms | Allocations: 5207)


Started GET "/songs/1" for ::1 at 2021-02-25 21:27:33 -0600
Processing by SongsController#show as HTML
  Parameters: {"id"=>"1"}
  [1m[36mSong Load (0.3ms)[0m  [1m[34mSELECT "songs".* FROM "songs" WHERE "songs"."id" = $1 LIMIT $2[0m  [["id", 1], ["LIMIT", 1]]
  ↳ app/controllers/songs_controller.rb:44:in `set_song'
Completed 200 OK in 6ms (Views: 0.7ms | ActiveRecord: 0.4ms | Allocations: 1298)


Started GET "/songs" for ::1 at 2021-02-25 21:27:36 -0600
Processing by SongsController#index as HTML
  [1m[36mSong Load (0.2ms)[0m  [1m[34mSELECT "songs".* FROM "songs"[0m
  ↳ app/controllers/songs_controller.rb:8:in `index'
Completed 200 OK in 23ms (Views: 22.1ms | ActiveRecord: 0.2ms | Allocations: 975)


Started GET "/songs" for ::1 at 2021-02-25 21:31:09 -0600
Processing by SongsController#index as */*
  [1m[36mSong Load (0.4ms)[0m  [1m[34mSELECT "songs".* FROM "songs"[0m
  ↳ app/controllers/songs_controller.rb:8:in `index'
Completed 200 OK in 5ms (Views: 4.1ms | ActiveRecord: 0.4ms | Allocations: 980)


Started GET "/songs" for ::1 at 2021-02-25 21:31:19 -0600
Processing by SongsController#index as */*
  [1m[36mSong Load (0.4ms)[0m  [1m[34mSELECT "songs".* FROM "songs"[0m
  ↳ app/controllers/songs_controller.rb:8:in `index'
Completed 200 OK in 6ms (Views: 3.4ms | ActiveRecord: 0.4ms | Allocations: 962)


Started GET "/songs" for ::1 at 2021-02-25 21:33:53 -0600
  [1m[35m (1.2ms)[0m  [1m[34mSELECT "schema_migrations"."version" FROM "schema_migrations" ORDER BY "schema_migrations"."version" ASC[0m
Processing by SongsController#index as */*
  [1m[36mSong Load (0.6ms)[0m  [1m[34mSELECT "songs".* FROM "songs"[0m
  ↳ app/controllers/songs_controller.rb:8:in `index'
Completed 200 OK in 22ms (Views: 4.3ms | ActiveRecord: 14.3ms | Allocations: 7187)


Started PUT "/songs/undefined" for ::1 at 2021-02-25 21:34:17 -0600
Processing by SongsController#update as */*
  Parameters: {"id"=>"undefined", "artist"=>"Bee Gees", "title"=>"To Love Somebody", "time"=>"2:50", "created_at"=>"2021-02-26T03:25:22.914Z", "updated_at"=>"2021-02-26T03:25:22.914Z", "song"=>{"id"=>"undefined", "artist"=>"Bee Gees", "title"=>"To Love Somebody", "time"=>"2:50", "created_at"=>"2021-02-26T03:25:22.914Z", "updated_at"=>"2021-02-26T03:25:22.914Z"}}
  [1m[36mSong Load (0.3ms)[0m  [1m[34mSELECT "songs".* FROM "songs" WHERE "songs"."id" = $1 LIMIT $2[0m  [["id", nil], ["LIMIT", 1]]
  ↳ app/controllers/songs_controller.rb:44:in `set_song'
Completed 404 Not Found in 12ms (ActiveRecord: 0.5ms | Allocations: 2288)


  
ActiveRecord::RecordNotFound (Couldn't find Song with 'id'=undefined):
  
app/controllers/songs_controller.rb:44:in `set_song'
Started GET "/songs" for ::1 at 2021-02-25 21:34:17 -0600
Processing by SongsController#index as */*
  [1m[36mSong Load (0.2ms)[0m  [1m[34mSELECT "songs".* FROM "songs"[0m
  ↳ app/controllers/songs_controller.rb:8:in `index'
Completed 200 OK in 2ms (Views: 2.0ms | ActiveRecord: 0.2ms | Allocations: 964)


Started DELETE "/songs/undefined" for ::1 at 2021-02-25 21:36:17 -0600
Processing by SongsController#destroy as */*
  Parameters: {"id"=>"undefined"}
  [1m[36mSong Load (0.6ms)[0m  [1m[34mSELECT "songs".* FROM "songs" WHERE "songs"."id" = $1 LIMIT $2[0m  [["id", nil], ["LIMIT", 1]]
  ↳ app/controllers/songs_controller.rb:44:in `set_song'
Completed 404 Not Found in 2ms (ActiveRecord: 0.6ms | Allocations: 525)


  
ActiveRecord::RecordNotFound (Couldn't find Song with 'id'=undefined):
  
app/controllers/songs_controller.rb:44:in `set_song'
Started GET "/songs" for ::1 at 2021-02-25 21:36:17 -0600
Processing by SongsController#index as */*
  [1m[36mSong Load (0.2ms)[0m  [1m[34mSELECT "songs".* FROM "songs"[0m
  ↳ app/controllers/songs_controller.rb:8:in `index'
Completed 200 OK in 2ms (Views: 2.0ms | ActiveRecord: 0.2ms | Allocations: 963)


Started GET "/songs" for ::1 at 2021-02-25 21:37:54 -0600
Processing by SongsController#index as */*
  [1m[36mSong Load (0.2ms)[0m  [1m[34mSELECT "songs".* FROM "songs"[0m
  ↳ app/controllers/songs_controller.rb:8:in `index'
Completed 200 OK in 7ms (Views: 6.1ms | ActiveRecord: 0.2ms | Allocations: 980)


Started GET "/songs" for ::1 at 2021-02-25 21:37:58 -0600
Processing by SongsController#index as */*
  [1m[36mSong Load (0.5ms)[0m  [1m[34mSELECT "songs".* FROM "songs"[0m
  ↳ app/controllers/songs_controller.rb:8:in `index'
Completed 200 OK in 4ms (Views: 2.9ms | ActiveRecord: 0.5ms | Allocations: 979)


Started PUT "/songs/1" for ::1 at 2021-02-25 21:38:05 -0600
Processing by SongsController#update as */*
  Parameters: {"id"=>"1", "artist"=>"The Smashing Pumpkins", "title"=>"1979", "time"=>"2:12", "created_at"=>"2021-02-26T03:25:22.910Z", "updated_at"=>"2021-02-26T03:25:22.910Z", "song"=>{"id"=>"1", "artist"=>"The Smashing Pumpkins", "title"=>"1979", "time"=>"2:12", "created_at"=>"2021-02-26T03:25:22.910Z", "updated_at"=>"2021-02-26T03:25:22.910Z"}}
  [1m[36mSong Load (1.0ms)[0m  [1m[34mSELECT "songs".* FROM "songs" WHERE "songs"."id" = $1 LIMIT $2[0m  [["id", 1], ["LIMIT", 1]]
  ↳ app/controllers/songs_controller.rb:44:in `set_song'
[31mUnpermitted parameters: :id, :created_at, :updated_at[0m
  [1m[36mTRANSACTION (0.2ms)[0m  [1m[35mBEGIN[0m
  ↳ app/controllers/songs_controller.rb:29:in `update'
  [1m[36mSong Update (2.7ms)[0m  [1m[33mUPDATE "songs" SET "time" = $1, "updated_at" = $2 WHERE "songs"."id" = $3[0m  [["time", "2:12"], ["updated_at", "2021-02-26 03:38:05.256372"], ["id", 1]]
  ↳ app/controllers/songs_controller.rb:29:in `update'
  [1m[36mTRANSACTION (2.0ms)[0m  [1m[35mCOMMIT[0m
  ↳ app/controllers/songs_controller.rb:29:in `update'
Completed 200 OK in 14ms (Views: 0.6ms | ActiveRecord: 5.8ms | Allocations: 2819)


Started GET "/songs" for ::1 at 2021-02-25 21:38:05 -0600
Processing by SongsController#index as */*
  [1m[36mSong Load (0.3ms)[0m  [1m[34mSELECT "songs".* FROM "songs"[0m
  ↳ app/controllers/songs_controller.rb:8:in `index'
Completed 200 OK in 4ms (Views: 2.9ms | ActiveRecord: 0.3ms | Allocations: 963)


Started PUT "/songs/1" for ::1 at 2021-02-25 21:39:11 -0600
Processing by SongsController#update as */*
  Parameters: {"id"=>"1", "artist"=>"The Smashing Pumpkins", "title"=>"1979", "time"=>"2:80", "created_at"=>"2021-02-26T03:25:22.910Z", "updated_at"=>"2021-02-26T03:38:05.256Z", "song"=>{"id"=>"1", "artist"=>"The Smashing Pumpkins", "title"=>"1979", "time"=>"2:80", "created_at"=>"2021-02-26T03:25:22.910Z", "updated_at"=>"2021-02-26T03:38:05.256Z"}}
  [1m[36mSong Load (0.2ms)[0m  [1m[34mSELECT "songs".* FROM "songs" WHERE "songs"."id" = $1 LIMIT $2[0m  [["id", 1], ["LIMIT", 1]]
  ↳ app/controllers/songs_controller.rb:44:in `set_song'
  [1m[36mTRANSACTION (0.1ms)[0m  [1m[35mBEGIN[0m
  ↳ app/controllers/songs_controller.rb:29:in `update'
  [1m[36mSong Update (0.3ms)[0m  [1m[33mUPDATE "songs" SET "time" = $1, "created_at" = $2, "updated_at" = $3 WHERE "songs"."id" = $4[0m  [["time", "2:80"], ["created_at", "2021-02-26 03:25:22.910000"], ["updated_at", "2021-02-26 03:38:05.256000"], ["id", 1]]
  ↳ app/controllers/songs_controller.rb:29:in `update'
  [1m[36mTRANSACTION (6.2ms)[0m  [1m[35mCOMMIT[0m
  ↳ app/controllers/songs_controller.rb:29:in `update'
Completed 200 OK in 17ms (Views: 0.3ms | ActiveRecord: 10.4ms | Allocations: 5141)


Started GET "/songs" for ::1 at 2021-02-25 21:39:11 -0600
Processing by SongsController#index as */*
  [1m[36mSong Load (0.2ms)[0m  [1m[34mSELECT "songs".* FROM "songs"[0m
  ↳ app/controllers/songs_controller.rb:8:in `index'
Completed 200 OK in 2ms (Views: 1.2ms | ActiveRecord: 0.2ms | Allocations: 983)


Started DELETE "/songs/1" for ::1 at 2021-02-25 21:39:17 -0600
Processing by SongsController#destroy as */*
  Parameters: {"id"=>"1"}
  [1m[36mSong Load (0.3ms)[0m  [1m[34mSELECT "songs".* FROM "songs" WHERE "songs"."id" = $1 LIMIT $2[0m  [["id", 1], ["LIMIT", 1]]
  ↳ app/controllers/songs_controller.rb:44:in `set_song'
  [1m[36mTRANSACTION (0.2ms)[0m  [1m[35mBEGIN[0m
  ↳ app/controllers/songs_controller.rb:38:in `destroy'
  [1m[36mSong Destroy (0.4ms)[0m  [1m[31mDELETE FROM "songs" WHERE "songs"."id" = $1[0m  [["id", 1]]
  ↳ app/controllers/songs_controller.rb:38:in `destroy'
  [1m[36mTRANSACTION (0.4ms)[0m  [1m[35mCOMMIT[0m
  ↳ app/controllers/songs_controller.rb:38:in `destroy'
Completed 204 No Content in 6ms (ActiveRecord: 1.3ms | Allocations: 1834)


Started GET "/songs" for ::1 at 2021-02-25 21:39:17 -0600
Processing by SongsController#index as */*
  [1m[36mSong Load (0.3ms)[0m  [1m[34mSELECT "songs".* FROM "songs"[0m
  ↳ app/controllers/songs_controller.rb:8:in `index'
Completed 200 OK in 3ms (Views: 2.2ms | ActiveRecord: 0.3ms | Allocations: 861)


Started GET "/songs" for ::1 at 2021-02-25 21:39:39 -0600
Processing by SongsController#index as */*
  [1m[36mSong Load (0.3ms)[0m  [1m[34mSELECT "songs".* FROM "songs"[0m
  ↳ app/controllers/songs_controller.rb:8:in `index'
Completed 200 OK in 5ms (Views: 4.0ms | ActiveRecord: 0.3ms | Allocations: 861)


Started POST "/songs" for ::1 at 2021-02-25 21:40:37 -0600
Processing by SongsController#create as */*
  Parameters: {"title"=>"Rainbow Girl", "artist"=>"Lola Marsh", "time"=>"4:10", "song"=>{"artist"=>"Lola Marsh", "title"=>"Rainbow Girl", "time"=>"4:10"}}
  [1m[36mTRANSACTION (0.1ms)[0m  [1m[35mBEGIN[0m
  ↳ app/controllers/songs_controller.rb:20:in `create'
  [1m[36mSong Create (3.4ms)[0m  [1m[32mINSERT INTO "songs" ("artist", "title", "time", "created_at", "updated_at") VALUES ($1, $2, $3, $4, $5) RETURNING "id"[0m  [["artist", "Lola Marsh"], ["title", "Rainbow Girl"], ["time", "4:10"], ["created_at", "2021-02-26 03:40:37.242555"], ["updated_at", "2021-02-26 03:40:37.242555"]]
  ↳ app/controllers/songs_controller.rb:20:in `create'
  [1m[36mTRANSACTION (1.0ms)[0m  [1m[35mCOMMIT[0m
  ↳ app/controllers/songs_controller.rb:20:in `create'
Completed 201 Created in 11ms (Views: 0.9ms | ActiveRecord: 4.6ms | Allocations: 2132)


Started GET "/songs" for ::1 at 2021-02-25 21:40:37 -0600
Processing by SongsController#index as */*
  [1m[36mSong Load (0.3ms)[0m  [1m[34mSELECT "songs".* FROM "songs"[0m
  ↳ app/controllers/songs_controller.rb:8:in `index'
Completed 200 OK in 3ms (Views: 2.3ms | ActiveRecord: 0.3ms | Allocations: 963)


